
2018-08-06 12:10:12
[INFO]-[Thread: main]-[org.eclipse.jetty.server.Server.doStart()]: jetty-8.1.8.v20121106

2018-08-06 12:10:12
[INFO]-[Thread: main]-[org.eclipse.jetty.webapp.StandardDescriptorProcessor.visitServlet()]: NO JSP Support for /, did not find org.apache.jasper.servlet.JspServlet

2018-08-06 12:10:12
[INFO]-[Thread: main]-[org.eclipse.jetty.server.handler.ContextHandler.callContextInitialized()]: started o.e.j.w.WebAppContext{/,file:/D:/hydevices/webapps/src/main/webapp/}

2018-08-06 12:10:12
[INFO]-[Thread: main]-[org.eclipse.jetty.server.handler.ContextHandler.callContextInitialized()]: started o.e.j.w.WebAppContext{/,file:/D:/hydevices/webapps/src/main/webapp/}

2018-08-06 12:10:12
[INFO]-[Thread: main]-[org.eclipse.jetty.server.handler.ContextHandler$Context.log()]: Initializing Shiro environment

2018-08-06 12:10:12
[INFO]-[Thread: main]-[org.apache.shiro.web.env.EnvironmentLoader.initEnvironment()]: Starting Shiro environment initialization.

2018-08-06 12:10:13
[INFO]-[Thread: main]-[org.apache.shiro.config.ReflectionBuilder.createNewInstance()]: An instance with name 'securityManager' already exists.  Redefining this object as a new instance of type org.apache.shiro.web.mgt.DefaultWebSecurityManager

2018-08-06 12:10:13
[INFO]-[Thread: main]-[org.apache.shiro.cache.ehcache.EhCacheManager.getCache()]: Cache with name 'dbRealm.authorizationCache' does not yet exist.  Creating now.

2018-08-06 12:10:13
[INFO]-[Thread: main]-[org.apache.shiro.cache.ehcache.EhCacheManager.getCache()]: Added EhCache named [dbRealm.authorizationCache]

2018-08-06 12:10:13
[INFO]-[Thread: main]-[org.apache.shiro.config.IniSecurityManagerFactory.isAutoApplyRealms()]: Realms have been explicitly set on the SecurityManager instance - auto-setting of realms will not occur.

2018-08-06 12:10:13
[INFO]-[Thread: main]-[org.apache.shiro.web.env.EnvironmentLoader.initEnvironment()]: Shiro environment initialized in 625 ms.

2018-08-06 12:10:13
[INFO]-[Thread: main]-[org.eclipse.jetty.server.handler.ContextHandler.callContextInitialized()]: started o.e.j.w.WebAppContext{/,file:/D:/hydevices/webapps/src/main/webapp/}

2018-08-06 12:10:43
[INFO]-[Thread: main]-[com.alibaba.druid.pool.DruidDataSource.init()]: {dataSource-1} inited

2018-08-06 12:10:47
[INFO]-[Thread: main]-[org.eclipse.jetty.server.Server.doStart()]: jetty-8.1.8.v20121106

2018-08-06 12:10:48
[INFO]-[Thread: main]-[org.eclipse.jetty.webapp.StandardDescriptorProcessor.visitServlet()]: NO JSP Support for /, did not find org.apache.jasper.servlet.JspServlet

2018-08-06 12:10:48
[INFO]-[Thread: main]-[org.eclipse.jetty.server.handler.ContextHandler.callContextInitialized()]: started o.e.j.w.WebAppContext{/,file:/D:/hydevices/webapps/src/main/webapp/}

2018-08-06 12:10:48
[INFO]-[Thread: main]-[org.eclipse.jetty.server.handler.ContextHandler.callContextInitialized()]: started o.e.j.w.WebAppContext{/,file:/D:/hydevices/webapps/src/main/webapp/}

2018-08-06 12:10:48
[INFO]-[Thread: main]-[org.eclipse.jetty.server.handler.ContextHandler$Context.log()]: Initializing Shiro environment

2018-08-06 12:10:48
[INFO]-[Thread: main]-[org.apache.shiro.web.env.EnvironmentLoader.initEnvironment()]: Starting Shiro environment initialization.

2018-08-06 12:10:48
[INFO]-[Thread: main]-[org.apache.shiro.config.ReflectionBuilder.createNewInstance()]: An instance with name 'securityManager' already exists.  Redefining this object as a new instance of type org.apache.shiro.web.mgt.DefaultWebSecurityManager

2018-08-06 12:10:49
[INFO]-[Thread: main]-[org.apache.shiro.cache.ehcache.EhCacheManager.getCache()]: Cache with name 'dbRealm.authorizationCache' does not yet exist.  Creating now.

2018-08-06 12:10:49
[INFO]-[Thread: main]-[org.apache.shiro.cache.ehcache.EhCacheManager.getCache()]: Added EhCache named [dbRealm.authorizationCache]

2018-08-06 12:10:49
[INFO]-[Thread: main]-[org.apache.shiro.config.IniSecurityManagerFactory.isAutoApplyRealms()]: Realms have been explicitly set on the SecurityManager instance - auto-setting of realms will not occur.

2018-08-06 12:10:49
[INFO]-[Thread: main]-[org.apache.shiro.web.env.EnvironmentLoader.initEnvironment()]: Shiro environment initialized in 947 ms.

2018-08-06 12:10:49
[INFO]-[Thread: main]-[org.eclipse.jetty.server.handler.ContextHandler.callContextInitialized()]: started o.e.j.w.WebAppContext{/,file:/D:/hydevices/webapps/src/main/webapp/}

2018-08-06 12:11:00
[INFO]-[Thread: main]-[com.alibaba.druid.pool.DruidDataSource.init()]: {dataSource-1} inited

2018-08-06 12:11:06
[INFO]-[Thread: main]-[com.hy.JFinalDeviceConfig.afterJFinalStart()]: begin检查用户资料...

2018-08-06 12:11:06
[INFO]-[Thread: main]-[com.hy.JFinalDeviceConfig.afterJFinalStart()]: end检查用户资料...

2018-08-06 12:11:06
[INFO]-[Thread: main]-[com.hy.JFinalDeviceConfig.afterJFinalStart()]: begin检查单据编号...

2018-08-06 12:11:07
[INFO]-[Thread: main]-[com.hy.JFinalDeviceConfig.afterJFinalStart()]: end检查单据编号...

2018-08-06 12:11:07
[INFO]-[Thread: main]-[org.eclipse.jetty.server.AbstractConnector.doStart()]: Started SelectChannelConnector@0.0.0.0:80

2018-08-06 12:11:34
[INFO]-[Thread: qtp5934395-32]-[org.apache.shiro.session.mgt.AbstractValidatingSessionManager.enableSessionValidation()]: Enabling session validation scheduler...

2018-08-06 12:11:35
[INFO]-[Thread: qtp5934395-32]-[org.apache.shiro.cache.ehcache.EhCacheManager.getCache()]: Cache with name 'shiro-activeSessionCache' does not yet exist.  Creating now.

2018-08-06 12:11:35
[INFO]-[Thread: qtp5934395-32]-[org.apache.shiro.cache.ehcache.EhCacheManager.getCache()]: Added EhCache named [shiro-activeSessionCache]

2018-08-06 13:11:34
[INFO]-[Thread: SessionValidationThread-1]-[org.apache.shiro.session.mgt.AbstractValidatingSessionManager.validateSessions()]: Validating all active sessions...

2018-08-06 13:11:34
[INFO]-[Thread: SessionValidationThread-1]-[org.apache.shiro.session.mgt.AbstractValidatingSessionManager.validateSessions()]: Finished session validation.  [2] sessions were stopped.

2018-08-06 14:11:34
[INFO]-[Thread: SessionValidationThread-1]-[org.apache.shiro.session.mgt.AbstractValidatingSessionManager.validateSessions()]: Validating all active sessions...

2018-08-06 14:11:35
[INFO]-[Thread: SessionValidationThread-1]-[org.apache.shiro.session.mgt.AbstractValidatingSessionManager.validateSessions()]: Finished session validation.  [1] sessions were stopped.

2018-08-06 14:49:48
[INFO]-[Thread: qtp5934395-35]-[com.hy.common.shiro.ShiroDbRealm.doGetAuthenticationInfo()]: Shiro登录认证启动

2018-08-06 14:49:49
[INFO]-[Thread: qtp5934395-35]-[com.hy.common.shiro.ShiroDbRealm.doGetAuthenticationInfo()]: Shiro登录认证完毕

2018-08-06 15:11:35
[INFO]-[Thread: SessionValidationThread-1]-[org.apache.shiro.session.mgt.AbstractValidatingSessionManager.validateSessions()]: Validating all active sessions...

2018-08-06 15:11:35
[INFO]-[Thread: SessionValidationThread-1]-[org.apache.shiro.session.mgt.AbstractValidatingSessionManager.validateSessions()]: Finished session validation.  [5] sessions were stopped.

2018-08-06 15:42:14
[INFO]-[Thread: main]-[org.eclipse.jetty.server.Server.doStart()]: jetty-8.1.8.v20121106

2018-08-06 15:42:14
[INFO]-[Thread: main]-[org.eclipse.jetty.webapp.StandardDescriptorProcessor.visitServlet()]: NO JSP Support for /, did not find org.apache.jasper.servlet.JspServlet

2018-08-06 15:42:14
[INFO]-[Thread: main]-[org.eclipse.jetty.server.handler.ContextHandler.callContextInitialized()]: started o.e.j.w.WebAppContext{/,file:/D:/hydevices/webapps/src/main/webapp/}

2018-08-06 15:42:14
[INFO]-[Thread: main]-[org.eclipse.jetty.server.handler.ContextHandler.callContextInitialized()]: started o.e.j.w.WebAppContext{/,file:/D:/hydevices/webapps/src/main/webapp/}

2018-08-06 15:42:14
[INFO]-[Thread: main]-[org.eclipse.jetty.server.handler.ContextHandler$Context.log()]: Initializing Shiro environment

2018-08-06 15:42:14
[INFO]-[Thread: main]-[org.apache.shiro.web.env.EnvironmentLoader.initEnvironment()]: Starting Shiro environment initialization.

2018-08-06 15:42:15
[INFO]-[Thread: main]-[org.apache.shiro.config.ReflectionBuilder.createNewInstance()]: An instance with name 'securityManager' already exists.  Redefining this object as a new instance of type org.apache.shiro.web.mgt.DefaultWebSecurityManager

2018-08-06 15:42:16
[INFO]-[Thread: main]-[org.apache.shiro.cache.ehcache.EhCacheManager.getCache()]: Cache with name 'dbRealm.authorizationCache' does not yet exist.  Creating now.

2018-08-06 15:42:16
[INFO]-[Thread: main]-[org.apache.shiro.cache.ehcache.EhCacheManager.getCache()]: Added EhCache named [dbRealm.authorizationCache]

2018-08-06 15:42:16
[INFO]-[Thread: main]-[org.apache.shiro.config.IniSecurityManagerFactory.isAutoApplyRealms()]: Realms have been explicitly set on the SecurityManager instance - auto-setting of realms will not occur.

2018-08-06 15:42:16
[INFO]-[Thread: main]-[org.apache.shiro.web.env.EnvironmentLoader.initEnvironment()]: Shiro environment initialized in 1169 ms.

2018-08-06 15:42:16
[INFO]-[Thread: main]-[org.eclipse.jetty.server.handler.ContextHandler.callContextInitialized()]: started o.e.j.w.WebAppContext{/,file:/D:/hydevices/webapps/src/main/webapp/}

2018-08-06 15:42:17
[INFO]-[Thread: main]-[com.alibaba.druid.pool.DruidDataSource.init()]: {dataSource-1} inited

2018-08-06 15:42:18
[INFO]-[Thread: main]-[com.hy.JFinalDeviceConfig.afterJFinalStart()]: begin检查用户资料...

2018-08-06 15:42:18
[INFO]-[Thread: main]-[com.hy.JFinalDeviceConfig.afterJFinalStart()]: end检查用户资料...

2018-08-06 15:42:18
[INFO]-[Thread: main]-[com.hy.JFinalDeviceConfig.afterJFinalStart()]: begin检查单据编号...

2018-08-06 15:42:18
[INFO]-[Thread: main]-[com.hy.JFinalDeviceConfig.afterJFinalStart()]: end检查单据编号...

2018-08-06 15:42:18
[INFO]-[Thread: main]-[org.eclipse.jetty.server.AbstractConnector.doStart()]: Started SelectChannelConnector@0.0.0.0:80

2018-08-06 15:42:33
[INFO]-[Thread: qtp14958069-34]-[org.apache.shiro.session.mgt.AbstractValidatingSessionManager.enableSessionValidation()]: Enabling session validation scheduler...

2018-08-06 15:42:33
[INFO]-[Thread: qtp14958069-34]-[org.apache.shiro.cache.ehcache.EhCacheManager.getCache()]: Cache with name 'shiro-activeSessionCache' does not yet exist.  Creating now.

2018-08-06 15:42:33
[INFO]-[Thread: qtp14958069-34]-[org.apache.shiro.cache.ehcache.EhCacheManager.getCache()]: Added EhCache named [shiro-activeSessionCache]

2018-08-06 15:56:06
[INFO]-[Thread: main]-[org.eclipse.jetty.server.Server.doStart()]: jetty-8.1.8.v20121106

2018-08-06 15:56:06
[INFO]-[Thread: main]-[org.eclipse.jetty.webapp.StandardDescriptorProcessor.visitServlet()]: NO JSP Support for /, did not find org.apache.jasper.servlet.JspServlet

2018-08-06 15:56:06
[INFO]-[Thread: main]-[org.eclipse.jetty.server.handler.ContextHandler.callContextInitialized()]: started o.e.j.w.WebAppContext{/,file:/D:/hydevices/webapps/src/main/webapp/}

2018-08-06 15:56:06
[INFO]-[Thread: main]-[org.eclipse.jetty.server.handler.ContextHandler.callContextInitialized()]: started o.e.j.w.WebAppContext{/,file:/D:/hydevices/webapps/src/main/webapp/}

2018-08-06 15:56:06
[INFO]-[Thread: main]-[org.eclipse.jetty.server.handler.ContextHandler$Context.log()]: Initializing Shiro environment

2018-08-06 15:56:06
[INFO]-[Thread: main]-[org.apache.shiro.web.env.EnvironmentLoader.initEnvironment()]: Starting Shiro environment initialization.

2018-08-06 15:56:06
[INFO]-[Thread: main]-[org.apache.shiro.config.ReflectionBuilder.createNewInstance()]: An instance with name 'securityManager' already exists.  Redefining this object as a new instance of type org.apache.shiro.web.mgt.DefaultWebSecurityManager

2018-08-06 15:56:07
[INFO]-[Thread: main]-[org.apache.shiro.cache.ehcache.EhCacheManager.getCache()]: Cache with name 'dbRealm.authorizationCache' does not yet exist.  Creating now.

2018-08-06 15:56:07
[INFO]-[Thread: main]-[org.apache.shiro.cache.ehcache.EhCacheManager.getCache()]: Added EhCache named [dbRealm.authorizationCache]

2018-08-06 15:56:07
[INFO]-[Thread: main]-[org.apache.shiro.config.IniSecurityManagerFactory.isAutoApplyRealms()]: Realms have been explicitly set on the SecurityManager instance - auto-setting of realms will not occur.

2018-08-06 15:56:07
[INFO]-[Thread: main]-[org.apache.shiro.web.env.EnvironmentLoader.initEnvironment()]: Shiro environment initialized in 1062 ms.

2018-08-06 15:56:07
[INFO]-[Thread: main]-[org.eclipse.jetty.server.handler.ContextHandler.callContextInitialized()]: started o.e.j.w.WebAppContext{/,file:/D:/hydevices/webapps/src/main/webapp/}

2018-08-06 15:56:08
[INFO]-[Thread: main]-[com.alibaba.druid.pool.DruidDataSource.init()]: {dataSource-1} inited

2018-08-06 15:56:09
[INFO]-[Thread: main]-[com.hy.JFinalDeviceConfig.afterJFinalStart()]: begin检查用户资料...

2018-08-06 15:56:09
[INFO]-[Thread: main]-[com.hy.JFinalDeviceConfig.afterJFinalStart()]: end检查用户资料...

2018-08-06 15:56:09
[INFO]-[Thread: main]-[com.hy.JFinalDeviceConfig.afterJFinalStart()]: begin检查单据编号...

2018-08-06 15:56:09
[INFO]-[Thread: main]-[com.hy.JFinalDeviceConfig.afterJFinalStart()]: end检查单据编号...

2018-08-06 15:56:09
[INFO]-[Thread: main]-[org.eclipse.jetty.server.AbstractConnector.doStart()]: Started SelectChannelConnector@0.0.0.0:80

2018-08-06 15:56:42
[INFO]-[Thread: qtp15619088-32]-[org.apache.shiro.session.mgt.AbstractValidatingSessionManager.enableSessionValidation()]: Enabling session validation scheduler...

2018-08-06 15:56:43
[INFO]-[Thread: qtp15619088-32]-[org.apache.shiro.cache.ehcache.EhCacheManager.getCache()]: Cache with name 'shiro-activeSessionCache' does not yet exist.  Creating now.

2018-08-06 15:56:43
[INFO]-[Thread: qtp15619088-32]-[org.apache.shiro.cache.ehcache.EhCacheManager.getCache()]: Added EhCache named [shiro-activeSessionCache]

2018-08-06 16:56:43
[INFO]-[Thread: SessionValidationThread-1]-[org.apache.shiro.session.mgt.AbstractValidatingSessionManager.validateSessions()]: Validating all active sessions...

2018-08-06 16:56:43
[INFO]-[Thread: SessionValidationThread-1]-[org.apache.shiro.session.mgt.AbstractValidatingSessionManager.validateSessions()]: Finished session validation.  [14] sessions were stopped.
